\BOOKMARK [0][-]{chapter.1}{Introduction}{}% 1
\BOOKMARK [1][-]{section.1.1}{Theoretical Context}{chapter.1}% 2
\BOOKMARK [1][-]{section.1.2}{History }{chapter.1}% 3
\BOOKMARK [0][-]{chapter.2}{The CMS Detector}{}% 4
\BOOKMARK [1][-]{section.2.1}{Tracker}{chapter.2}% 5
\BOOKMARK [1][-]{section.2.2}{ECAL}{chapter.2}% 6
\BOOKMARK [1][-]{section.2.3}{HCAL}{chapter.2}% 7
\BOOKMARK [1][-]{section.2.4}{ZDC}{chapter.2}% 8
\BOOKMARK [1][-]{section.2.5}{Muons}{chapter.2}% 9
\BOOKMARK [1][-]{section.2.6}{Trigger}{chapter.2}% 10
\BOOKMARK [0][-]{chapter.3}{Analysis}{}% 11
\BOOKMARK [1][-]{section.3.1}{ MC simulation}{chapter.3}% 12
\BOOKMARK [1][-]{section.3.2}{ Trigger development}{chapter.3}% 13
\BOOKMARK [2][-]{subsection.3.2.1}{ L1 trigger}{section.3.2}% 14
\BOOKMARK [2][-]{subsection.3.2.2}{HLT trigger}{section.3.2}% 15
\BOOKMARK [1][-]{section.3.3}{ Event selection}{chapter.3}% 16
\BOOKMARK [2][-]{subsection.3.3.1}{Data sets}{section.3.3}% 17
\BOOKMARK [2][-]{subsection.3.3.2}{Event selection cuts}{section.3.3}% 18
\BOOKMARK [1][-]{section.3.4}{ Break up determination}{chapter.3}% 19
\BOOKMARK [2][-]{subsection.3.4.1}{ZDC signal reconstruction}{section.3.4}% 20
\BOOKMARK [2][-]{subsection.3.4.2}{Determination of the one neutron thresholds}{section.3.4}% 21
\BOOKMARK [1][-]{section.3.5}{ Signal extraction}{chapter.3}% 22
\BOOKMARK [1][-]{section.3.6}{ Efficiency determination}{chapter.3}% 23
\BOOKMARK [2][-]{subsection.3.6.1}{Muon efficiencies}{section.3.6}% 24
\BOOKMARK [2][-]{subsection.3.6.2}{ZDC trigger efficiency}{section.3.6}% 25
\BOOKMARK [1][-]{section.3.7}{ Systematic checks}{chapter.3}% 26
\BOOKMARK [2][-]{subsection.3.7.1}{HF noise threshold}{section.3.7}% 27
\BOOKMARK [2][-]{subsection.3.7.2}{Template fit normalization}{section.3.7}% 28
\BOOKMARK [2][-]{subsection.3.7.3}{Mass fit}{section.3.7}% 29
\BOOKMARK [2][-]{subsection.3.7.4}{MC acceptance}{section.3.7}% 30
\BOOKMARK [2][-]{subsection.3.7.5}{ZDC reconstruction}{section.3.7}% 31
\BOOKMARK [2][-]{subsection.3.7.6}{ZDC trigger efficiency}{section.3.7}% 32
\BOOKMARK [2][-]{subsection.3.7.7}{ZDC reconstruction method comparison}{section.3.7}% 33
\BOOKMARK [2][-]{subsection.3.7.8}{Tag and probe}{section.3.7}% 34
\BOOKMARK [2][-]{subsection.3.7.9}{MC vs Data compairson}{section.3.7}% 35
