This is pdfTeXk, Version 3.141592-1.40.3 (Web2C 7.5.6) (format=pdflatex 2014.2.6)  19 DEC 2014 13:36
entering extended mode
 %&-line parsing enabled.
**thesis-ku.tex
(./thesis-ku.tex
LaTeX2e <2005/12/01>
Babel <v3.8h> and hyphenation patterns for english, usenglishmax, dumylang, noh
yphenation, arabic, basque, bulgarian, coptic, welsh, czech, slovak, german, ng
erman, danish, esperanto, spanish, catalan, galician, estonian, farsi, finnish,
 french, greek, monogreek, ancientgreek, croatian, hungarian, interlingua, ibyc
us, indonesian, icelandic, italian, latin, mongolian, dutch, norsk, polish, por
tuguese, pinyin, romanian, russian, slovenian, uppersorbian, serbian, swedish, 
turkish, ukenglish, ukrainian, loaded.
(./kuthesis.cls
Document Class: kuthesis 2011/07/21 v2 KU thesis class
(/usr/share/texmf/tex/latex/base/report.cls
Document Class: report 2005/09/16 v1.4f Standard LaTeX document class
(/usr/share/texmf/tex/latex/base/size12.clo
File: size12.clo 2005/09/16 v1.4f Standard LaTeX file (size option)
)
\c@part=\count79
\c@chapter=\count80
\c@section=\count81
\c@subsection=\count82
\c@subsubsection=\count83
\c@paragraph=\count84
\c@subparagraph=\count85
\c@figure=\count86
\c@table=\count87
\abovecaptionskip=\skip41
\belowcaptionskip=\skip42
\bibindent=\dimen102
)
(/usr/share/texmf/tex/latex/geometry/geometry.sty
Package: geometry 2002/07/08 v3.2 Page Geometry

(/usr/share/texmf/tex/latex/graphics/keyval.sty
Package: keyval 1999/03/16 v1.13 key=value parser (DPC)
\KV@toks@=\toks14
)
\Gm@cnth=\count88
\Gm@cntv=\count89
\c@Gm@tempcnt=\count90
\Gm@bindingoffset=\dimen103
\Gm@wd@mp=\dimen104
\Gm@odd@mp=\dimen105
\Gm@even@mp=\dimen106
\Gm@dimlist=\toks15
)
(/usr/share/texmf/tex/latex/listings/listings.sty
\lst@mode=\count91
\lst@gtempboxa=\box26
\lst@token=\toks16
\lst@length=\count92
\lst@currlwidth=\dimen107
\lst@column=\count93
\lst@pos=\count94
\lst@lostspace=\dimen108
\lst@width=\dimen109
\lst@newlines=\count95
\lst@lineno=\count96
\c@lstlisting=\count97
\lst@maxwidth=\dimen110

(/usr/share/texmf/tex/latex/listings/lstpatch.sty
File: lstpatch.sty 2004/10/17 1.3b (Carsten Heinz)
)
(/usr/share/texmf/tex/latex/listings/lstmisc.sty
File: lstmisc.sty 2004/09/07 1.3 (Carsten Heinz)
\c@lstnumber=\count98
\lst@skipnumbers=\count99
\lst@framebox=\box27
)
(/usr/share/texmf/tex/latex/listings/listings.cfg
File: listings.cfg 2004/09/05 1.3 listings configuration
))
Package: listings 2004/10/17 1.3b (Carsten Heinz)
)
(/usr/share/texmf/tex/latex/psnfss/mathptmx.sty
Package: mathptmx 2005/04/12 PSNFSS-v9.2a Times w/ Math, improved (SPQR, WaS) 
LaTeX Font Info:    Redeclaring symbol font `operators' on input line 28.
LaTeX Font Info:    Overwriting symbol font `operators' in version `normal'
(Font)                  OT1/cmr/m/n --> OT1/ztmcm/m/n on input line 28.
LaTeX Font Info:    Overwriting symbol font `operators' in version `bold'
(Font)                  OT1/cmr/bx/n --> OT1/ztmcm/m/n on input line 28.
LaTeX Font Info:    Redeclaring symbol font `letters' on input line 29.
LaTeX Font Info:    Overwriting symbol font `letters' in version `normal'
(Font)                  OML/cmm/m/it --> OML/ztmcm/m/it on input line 29.
LaTeX Font Info:    Overwriting symbol font `letters' in version `bold'
(Font)                  OML/cmm/b/it --> OML/ztmcm/m/it on input line 29.
LaTeX Font Info:    Redeclaring symbol font `symbols' on input line 30.
LaTeX Font Info:    Overwriting symbol font `symbols' in version `normal'
(Font)                  OMS/cmsy/m/n --> OMS/ztmcm/m/n on input line 30.
LaTeX Font Info:    Overwriting symbol font `symbols' in version `bold'
(Font)                  OMS/cmsy/b/n --> OMS/ztmcm/m/n on input line 30.
LaTeX Font Info:    Redeclaring symbol font `largesymbols' on input line 31.
LaTeX Font Info:    Overwriting symbol font `largesymbols' in version `normal'
(Font)                  OMX/cmex/m/n --> OMX/ztmcm/m/n on input line 31.
LaTeX Font Info:    Overwriting symbol font `largesymbols' in version `bold'
(Font)                  OMX/cmex/m/n --> OMX/ztmcm/m/n on input line 31.
\symbold=\mathgroup4
\symitalic=\mathgroup5
LaTeX Font Info:    Redeclaring math alphabet \mathbf on input line 34.
LaTeX Font Info:    Overwriting math alphabet `\mathbf' in version `normal'
(Font)                  OT1/cmr/bx/n --> OT1/ptm/bx/n on input line 34.
LaTeX Font Info:    Overwriting math alphabet `\mathbf' in version `bold'
(Font)                  OT1/cmr/bx/n --> OT1/ptm/bx/n on input line 34.
LaTeX Font Info:    Redeclaring math alphabet \mathit on input line 35.
LaTeX Font Info:    Overwriting math alphabet `\mathit' in version `normal'
(Font)                  OT1/cmr/m/it --> OT1/ptm/m/it on input line 35.
LaTeX Font Info:    Overwriting math alphabet `\mathit' in version `bold'
(Font)                  OT1/cmr/bx/it --> OT1/ptm/m/it on input line 35.
LaTeX Info: Redefining \hbar on input line 50.
)
(/usr/share/texmf/tex/latex/base/fontenc.sty
Package: fontenc 2005/09/27 v1.99g Standard LaTeX package

(/usr/share/texmf/tex/latex/base/t1enc.def
File: t1enc.def 2005/09/27 v1.99g Standard LaTeX file
LaTeX Font Info:    Redeclaring font encoding T1 on input line 43.
))
(/usr/share/texmf/tex/latex/base/inputenc.sty
Package: inputenc 2006/05/05 v1.1b Input encoding file
\inpenc@prehook=\toks17
\inpenc@posthook=\toks18

(/usr/share/texmf/tex/latex/base/utf8.def
File: utf8.def 2006/03/30 v1.1i UTF-8 support for inputenc
Now handling font encoding OML ...
... no UTF-8 mapping file for font encoding OML
Now handling font encoding T1 ...
... processing UTF-8 mapping file for font encodingT1

(/usr/share/texmf/tex/latex/base/t1enc.dfu
File: t1enc.dfu 2006/03/30 v1.1i UTF-8 support for inputenc
   defining Unicode char U+00A1 (decimal 161)
   defining Unicode char U+00A3 (decimal 163)
   defining Unicode char U+00AB (decimal 171)
   defining Unicode char U+00BB (decimal 187)
   defining Unicode char U+00BF (decimal 191)
   defining Unicode char U+00C0 (decimal 192)
   defining Unicode char U+00C1 (decimal 193)
   defining Unicode char U+00C2 (decimal 194)
   defining Unicode char U+00C3 (decimal 195)
   defining Unicode char U+00C4 (decimal 196)
   defining Unicode char U+00C5 (decimal 197)
   defining Unicode char U+00C6 (decimal 198)
   defining Unicode char U+00C7 (decimal 199)
   defining Unicode char U+00C8 (decimal 200)
   defining Unicode char U+00C9 (decimal 201)
   defining Unicode char U+00CA (decimal 202)
   defining Unicode char U+00CB (decimal 203)
   defining Unicode char U+00CC (decimal 204)
   defining Unicode char U+00CD (decimal 205)
   defining Unicode char U+00CE (decimal 206)
   defining Unicode char U+00CF (decimal 207)
   defining Unicode char U+00D0 (decimal 208)
   defining Unicode char U+00D1 (decimal 209)
   defining Unicode char U+00D2 (decimal 210)
   defining Unicode char U+00D3 (decimal 211)
   defining Unicode char U+00D4 (decimal 212)
   defining Unicode char U+00D5 (decimal 213)
   defining Unicode char U+00D6 (decimal 214)
   defining Unicode char U+00D8 (decimal 216)
   defining Unicode char U+00D9 (decimal 217)
   defining Unicode char U+00DA (decimal 218)
   defining Unicode char U+00DB (decimal 219)
   defining Unicode char U+00DC (decimal 220)
   defining Unicode char U+00DD (decimal 221)
   defining Unicode char U+00DE (decimal 222)
   defining Unicode char U+00DF (decimal 223)
   defining Unicode char U+00E0 (decimal 224)
   defining Unicode char U+00E1 (decimal 225)
   defining Unicode char U+00E2 (decimal 226)
   defining Unicode char U+00E3 (decimal 227)
   defining Unicode char U+00E4 (decimal 228)
   defining Unicode char U+00E5 (decimal 229)
   defining Unicode char U+00E6 (decimal 230)
   defining Unicode char U+00E7 (decimal 231)
   defining Unicode char U+00E8 (decimal 232)
   defining Unicode char U+00E9 (decimal 233)
   defining Unicode char U+00EA (decimal 234)
   defining Unicode char U+00EB (decimal 235)
   defining Unicode char U+00EC (decimal 236)
   defining Unicode char U+00ED (decimal 237)
   defining Unicode char U+00EE (decimal 238)
   defining Unicode char U+00EF (decimal 239)
   defining Unicode char U+00F0 (decimal 240)
   defining Unicode char U+00F1 (decimal 241)
   defining Unicode char U+00F2 (decimal 242)
   defining Unicode char U+00F3 (decimal 243)
   defining Unicode char U+00F4 (decimal 244)
   defining Unicode char U+00F5 (decimal 245)
   defining Unicode char U+00F6 (decimal 246)
   defining Unicode char U+00F8 (decimal 248)
   defining Unicode char U+00F9 (decimal 249)
   defining Unicode char U+00FA (decimal 250)
   defining Unicode char U+00FB (decimal 251)
   defining Unicode char U+00FC (decimal 252)
   defining Unicode char U+00FD (decimal 253)
   defining Unicode char U+00FE (decimal 254)
   defining Unicode char U+00FF (decimal 255)
   defining Unicode char U+0102 (decimal 258)
   defining Unicode char U+0103 (decimal 259)
   defining Unicode char U+0104 (decimal 260)
   defining Unicode char U+0105 (decimal 261)
   defining Unicode char U+0106 (decimal 262)
   defining Unicode char U+0107 (decimal 263)
   defining Unicode char U+010C (decimal 268)
   defining Unicode char U+010D (decimal 269)
   defining Unicode char U+010E (decimal 270)
   defining Unicode char U+010F (decimal 271)
   defining Unicode char U+0110 (decimal 272)
   defining Unicode char U+0111 (decimal 273)
   defining Unicode char U+0118 (decimal 280)
   defining Unicode char U+0119 (decimal 281)
   defining Unicode char U+011A (decimal 282)
   defining Unicode char U+011B (decimal 283)
   defining Unicode char U+011E (decimal 286)
   defining Unicode char U+011F (decimal 287)
   defining Unicode char U+0130 (decimal 304)
   defining Unicode char U+0131 (decimal 305)
   defining Unicode char U+0132 (decimal 306)
   defining Unicode char U+0133 (decimal 307)
   defining Unicode char U+0139 (decimal 313)
   defining Unicode char U+013A (decimal 314)
   defining Unicode char U+013D (decimal 317)
   defining Unicode char U+013E (decimal 318)
   defining Unicode char U+0141 (decimal 321)
   defining Unicode char U+0142 (decimal 322)
   defining Unicode char U+0143 (decimal 323)
   defining Unicode char U+0144 (decimal 324)
   defining Unicode char U+0147 (decimal 327)
   defining Unicode char U+0148 (decimal 328)
   defining Unicode char U+014A (decimal 330)
   defining Unicode char U+014B (decimal 331)
   defining Unicode char U+0150 (decimal 336)
   defining Unicode char U+0151 (decimal 337)
   defining Unicode char U+0152 (decimal 338)
   defining Unicode char U+0153 (decimal 339)
   defining Unicode char U+0154 (decimal 340)
   defining Unicode char U+0155 (decimal 341)
   defining Unicode char U+0158 (decimal 344)
   defining Unicode char U+0159 (decimal 345)
   defining Unicode char U+015A (decimal 346)
   defining Unicode char U+015B (decimal 347)
   defining Unicode char U+015E (decimal 350)
   defining Unicode char U+015F (decimal 351)
   defining Unicode char U+0160 (decimal 352)
   defining Unicode char U+0161 (decimal 353)
   defining Unicode char U+0162 (decimal 354)
   defining Unicode char U+0163 (decimal 355)
   defining Unicode char U+0164 (decimal 356)
   defining Unicode char U+0165 (decimal 357)
   defining Unicode char U+016E (decimal 366)
   defining Unicode char U+016F (decimal 367)
   defining Unicode char U+0170 (decimal 368)
   defining Unicode char U+0171 (decimal 369)
   defining Unicode char U+0178 (decimal 376)
   defining Unicode char U+0179 (decimal 377)
   defining Unicode char U+017A (decimal 378)
   defining Unicode char U+017B (decimal 379)
   defining Unicode char U+017C (decimal 380)
   defining Unicode char U+017D (decimal 381)
   defining Unicode char U+017E (decimal 382)
   defining Unicode char U+200C (decimal 8204)
   defining Unicode char U+2013 (decimal 8211)
   defining Unicode char U+2014 (decimal 8212)
   defining Unicode char U+2018 (decimal 8216)
   defining Unicode char U+2019 (decimal 8217)
   defining Unicode char U+201A (decimal 8218)
   defining Unicode char U+201C (decimal 8220)
   defining Unicode char U+201D (decimal 8221)
   defining Unicode char U+201E (decimal 8222)
   defining Unicode char U+2030 (decimal 8240)
   defining Unicode char U+2031 (decimal 8241)
   defining Unicode char U+2039 (decimal 8249)
   defining Unicode char U+203A (decimal 8250)
   defining Unicode char U+2423 (decimal 9251)
)
Now handling font encoding OT1 ...
... processing UTF-8 mapping file for font encodingOT1

(/usr/share/texmf/tex/latex/base/ot1enc.dfu
File: ot1enc.dfu 2006/03/30 v1.1i UTF-8 support for inputenc
   defining Unicode char U+00A1 (decimal 161)
   defining Unicode char U+00A3 (decimal 163)
   defining Unicode char U+00B8 (decimal 184)
   defining Unicode char U+00BF (decimal 191)
   defining Unicode char U+00C5 (decimal 197)
   defining Unicode char U+00C6 (decimal 198)
   defining Unicode char U+00D8 (decimal 216)
   defining Unicode char U+00DF (decimal 223)
   defining Unicode char U+00E6 (decimal 230)
   defining Unicode char U+00EC (decimal 236)
   defining Unicode char U+00ED (decimal 237)
   defining Unicode char U+00EE (decimal 238)
   defining Unicode char U+00EF (decimal 239)
   defining Unicode char U+00F8 (decimal 248)
   defining Unicode char U+0131 (decimal 305)
   defining Unicode char U+0141 (decimal 321)
   defining Unicode char U+0142 (decimal 322)
   defining Unicode char U+0152 (decimal 338)
   defining Unicode char U+0153 (decimal 339)
   defining Unicode char U+2013 (decimal 8211)
   defining Unicode char U+2014 (decimal 8212)
   defining Unicode char U+2018 (decimal 8216)
   defining Unicode char U+2019 (decimal 8217)
   defining Unicode char U+201C (decimal 8220)
   defining Unicode char U+201D (decimal 8221)
)
Now handling font encoding OMS ...
... processing UTF-8 mapping file for font encodingOMS

(/usr/share/texmf/tex/latex/base/omsenc.dfu
File: omsenc.dfu 2006/03/30 v1.1i UTF-8 support for inputenc
   defining Unicode char U+00A7 (decimal 167)
   defining Unicode char U+00B6 (decimal 182)
   defining Unicode char U+00B7 (decimal 183)
   defining Unicode char U+2020 (decimal 8224)
   defining Unicode char U+2021 (decimal 8225)
   defining Unicode char U+2022 (decimal 8226)
)
Now handling font encoding OMX ...
... no UTF-8 mapping file for font encoding OMX
Now handling font encoding U ...
... no UTF-8 mapping file for font encoding U
   defining Unicode char U+00A9 (decimal 169)
   defining Unicode char U+00AA (decimal 170)
   defining Unicode char U+00AE (decimal 174)
   defining Unicode char U+00BA (decimal 186)
   defining Unicode char U+02C6 (decimal 710)
   defining Unicode char U+02DC (decimal 732)
   defining Unicode char U+200C (decimal 8204)
   defining Unicode char U+2026 (decimal 8230)
   defining Unicode char U+2122 (decimal 8482)
   defining Unicode char U+2423 (decimal 9251)
))
(/usr/share/texmf/tex/latex/ltxmisc/url.sty
\Urlmuskip=\muskip10
Package: url 2005/06/27  ver 3.2  Verb mode for urls, etc.
)
(/usr/share/texmf/tex/latex/graphics/graphicx.sty
Package: graphicx 1999/02/16 v1.0f Enhanced LaTeX Graphics (DPC,SPQR)

(/usr/share/texmf/tex/latex/graphics/graphics.sty
Package: graphics 2006/02/20 v1.0o Standard LaTeX Graphics (DPC,SPQR)

(/usr/share/texmf/tex/latex/graphics/trig.sty
Package: trig 1999/03/16 v1.09 sin cos tan (DPC)
)
(/usr/share/texmf/tex/latex/config/graphics.cfg
File: graphics.cfg 2007/01/18 v1.5 graphics configuration of teTeX/TeXLive
)
Package graphics Info: Driver file: pdftex.def on input line 90.

(/usr/share/texmf/tex/latex/pdftex-def/pdftex.def
File: pdftex.def 2007/01/08 v0.04d Graphics/color for pdfTeX
\Gread@gobject=\count100
))
\Gin@req@height=\dimen111
\Gin@req@width=\dimen112
)
(/usr/share/texmf/tex/latex/wrapfig/wrapfig.sty
\wrapoverhang=\dimen113
\WF@size=\dimen114
\c@WF@wrappedlines=\count101
\WF@box=\box28
\WF@everypar=\toks19
Package: wrapfig 2003/01/31  v 3.6
)
(/usr/share/texmf/tex/latex/setspace/setspace.sty
Package: setspace 2000/12/01 6.7 Contributed and Supported LaTeX2e package

Package: `setspace' 6.7 <2000/12/01>
) (/usr/share/texmf/tex/latex/esint/esint.sty
Package: esint 
\symlargesymbolsA=\mathgroup6
)
(/usr/share/texmf/tex/latex/hyperref/hyperref.sty
Package: hyperref 2007/02/07 v6.75r Hypertext links for LaTeX
\@linkdim=\dimen115
\Hy@linkcounter=\count102
\Hy@pagecounter=\count103

(/usr/share/texmf/tex/latex/hyperref/pd1enc.def
File: pd1enc.def 2007/02/07 v6.75r Hyperref: PDFDocEncoding definition (HO)
Now handling font encoding PD1 ...
... no UTF-8 mapping file for font encoding PD1
)
(/usr/share/texmf/tex/latex/config/hyperref.cfg
File: hyperref.cfg 2002/06/06 v1.2 hyperref configuration of TeXLive
)
(/usr/share/texmf/tex/latex/oberdiek/kvoptions.sty
Package: kvoptions 2006/08/22 v2.4 Connects package keyval with LaTeX options (
HO)
)
Package hyperref Info: Hyper figures OFF on input line 2288.
Package hyperref Info: Link nesting OFF on input line 2293.
Package hyperref Info: Hyper index ON on input line 2296.
Package hyperref Info: Plain pages OFF on input line 2303.
Package hyperref Info: Backreferencing OFF on input line 2308.

Implicit mode ON; LaTeX internals redefined
Package hyperref Info: Bookmarks ON on input line 2444.
LaTeX Info: Redefining \url on input line 2599.
\Fld@menulength=\count104
\Field@Width=\dimen116
\Fld@charsize=\dimen117
\Choice@toks=\toks20
\Field@toks=\toks21
Package hyperref Info: Hyper figures OFF on input line 3102.
Package hyperref Info: Link nesting OFF on input line 3107.
Package hyperref Info: Hyper index ON on input line 3110.
Package hyperref Info: backreferencing OFF on input line 3117.
Package hyperref Info: Link coloring OFF on input line 3122.
\Hy@abspage=\count105
\c@Item=\count106
\c@Hfootnote=\count107
)
*hyperref using default driver hpdftex*
(/usr/share/texmf/tex/latex/hyperref/hpdftex.def
File: hpdftex.def 2007/02/07 v6.75r Hyperref driver for pdfTeX
\Fld@listcount=\count108
)
(/usr/share/texmf/tex/latex/xcolor/xcolor.sty
Package: xcolor 2007/01/21 v2.11 LaTeX color extensions (UK)

(/usr/share/texmf/tex/latex/config/color.cfg
File: color.cfg 2007/01/18 v1.5 color configuration of teTeX/TeXLive
)
Package xcolor Info: Driver file: pdftex.def on input line 225.
Package xcolor Info: Model `cmy' substituted by `cmy0' on input line 1337.
Package xcolor Info: Model `hsb' substituted by `rgb' on input line 1341.
Package xcolor Info: Model `RGB' extended on input line 1353.
Package xcolor Info: Model `HTML' substituted by `rgb' on input line 1355.
Package xcolor Info: Model `Hsb' substituted by `hsb' on input line 1356.
Package xcolor Info: Model `tHsb' substituted by `hsb' on input line 1357.
Package xcolor Info: Model `HSB' substituted by `hsb' on input line 1358.
Package xcolor Info: Model `Gray' substituted by `gray' on input line 1359.
Package xcolor Info: Model `wave' substituted by `hsb' on input line 1360.
)
(/usr/share/texmf/tex/latex/easylist/easylist.sty
Package: easylist 2014/01/11 v.1.4 Numbered items with a single command.
\el@CounterTotal=\count109
\el@Scratch=\count110
\el@ControlCounter=\count111
\el@CounterLevel=\count112
\c@List1=\count113
\c@List2=\count114
\c@List3=\count115
\c@List4=\count116
\c@List5=\count117
\c@List6=\count118
\c@List7=\count119
\c@List8=\count120
\c@List9=\count121
\c@List10=\count122
\el@ProgressiveDimension=\dimen118
\el@CounterBox=\box29
\el@ControlBox=\box30
\el@TotalMargin=\dimen119
\el@LeftMove=\dimen120
)
(/usr/share/texmf/tex/latex/multirow/multirow.sty
\bigstrutjot=\dimen121
)
(/usr/share/texmf/tex/latex/tools/hhline.sty
Package: hhline 1994/05/23 v2.03 Table rule package (DPC)
)
(/usr/share/texmf/tex/latex/tools/dcolumn.sty
Package: dcolumn 2001/05/28 v1.06 decimal alignment package (DPC)

(/usr/share/texmf/tex/latex/tools/array.sty
Package: array 2005/08/23 v2.4b Tabular extension package (FMi)
\col@sep=\dimen122
\extrarowheight=\dimen123
\NC@list=\toks22
\extratabsurround=\skip43
\backup@length=\skip44
))
(/usr/share/texmf/tex/latex/booktabs/booktabs.sty
Package: booktabs 2005/03/16 v1.6180 publication quality tables
\heavyrulewidth=\dimen124
\lightrulewidth=\dimen125
\cmidrulewidth=\dimen126
\belowrulesep=\dimen127
\belowbottomsep=\dimen128
\aboverulesep=\dimen129
\abovetopsep=\dimen130
\cmidrulesep=\dimen131
\cmidrulekern=\dimen132
\defaultaddspace=\dimen133
\@cmidla=\count123
\@cmidlb=\count124
\@aboverulesep=\dimen134
\@belowrulesep=\dimen135
\@thisruleclass=\count125
\@lastruleclass=\count126
\@thisrulewidth=\dimen136
)
(/usr/share/texmf/tex/latex/subfig/subfig.sty
Package: subfig 2005/06/28 ver: 1.3 subfig package

(/usr/share/texmf/tex/latex/caption/caption.sty
Package: caption 2007/01/07 v3.0k Customising captions (AR)

(/usr/share/texmf/tex/latex/caption/caption3.sty
Package: caption3 2007/01/07 v3.0k caption3 kernel (AR)
\captionmargin=\dimen137
\captionmarginx=\dimen138
\captionwidth=\dimen139
\captionindent=\dimen140
\captionparindent=\dimen141
\captionhangindent=\dimen142
)
Package caption Info: hyperref package v6.74m (or newer) detected on input line
 304.
Package caption Info: listings package v1.2 (or newer) detected on input line 3
38.
)
\c@KVtest=\count127
\sf@farskip=\skip45
\sf@captopadj=\dimen143
\sf@capskip=\skip46
\sf@nearskip=\skip47
\c@subfigure=\count128
\c@subfigure@save=\count129
\c@lofdepth=\count130
\c@subtable=\count131
\c@subtable@save=\count132
\c@lotdepth=\count133
\sf@top=\skip48
\sf@bottom=\skip49
)
(/usr/share/texmf/tex/generic/babel/babel.sty
Package: babel 2005/11/23 v3.8h The Babel package

(/usr/share/texmf/tex/generic/babel/english.ldf
Language: english 2005/03/30 v3.3o English support from the babel system

(/usr/share/texmf/tex/generic/babel/babel.def
File: babel.def 2005/11/23 v3.8h Babel common definitions
\babel@savecnt=\count134
\U@D=\dimen144
)
\l@british = a dialect from \language\l@english 
\l@UKenglish = a dialect from \language\l@english 
\l@canadian = a dialect from \language\l@american 
\l@australian = a dialect from \language\l@british 
\l@newzealand = a dialect from \language\l@british 
)) (./thesis-ku.aux
(./IntroductionChapter/upcIntroductionChp.aux)
(./TheoryChapter/upcTheoryChp.aux) (./DetectorChapter/upcDetectorChp.aux)
(./ZDCRecoChapter/upcZDCRecoChp.aux) (./TriggerChapter/upcTriggerChp.aux)
(./AnalysisChapter/upcAnalysisChp.aux)
(./SystematicsChapter/upcSystematicsChp.aux)
(./ResultsChapter/upcResultsChp.aux))
\openout1 = `thesis-ku.aux'.

LaTeX Font Info:    Checking defaults for OML/cmm/m/it on input line 86.
LaTeX Font Info:    ... okay on input line 86.
LaTeX Font Info:    Checking defaults for T1/cmr/m/n on input line 86.
LaTeX Font Info:    ... okay on input line 86.
LaTeX Font Info:    Checking defaults for OT1/cmr/m/n on input line 86.
LaTeX Font Info:    ... okay on input line 86.
LaTeX Font Info:    Checking defaults for OMS/cmsy/m/n on input line 86.
LaTeX Font Info:    ... okay on input line 86.
LaTeX Font Info:    Checking defaults for OMX/cmex/m/n on input line 86.
LaTeX Font Info:    ... okay on input line 86.
LaTeX Font Info:    Checking defaults for U/cmr/m/n on input line 86.
LaTeX Font Info:    ... okay on input line 86.
LaTeX Font Info:    Checking defaults for PD1/pdf/m/n on input line 86.
LaTeX Font Info:    ... okay on input line 86.
LaTeX Font Info:    Try loading font information for T1+ptm on input line 86.

(/usr/share/texmf/tex/latex/psnfss/t1ptm.fd
File: t1ptm.fd 2001/06/04 font definitions for T1/ptm.
)
-------------------- Geometry parameters
paper: class default
landscape: --
twocolumn: --
twoside: --
asymmetric: --
h-parts: 72.26999pt, 469.75502pt, 72.26999pt
v-parts: 72.26999pt, 650.43001pt, 72.26999pt
hmarginratio: --
vmarginratio: --
lines: --
heightrounded: --
bindingoffset: 0.0pt
truedimen: --
includehead: --
includefoot: --
includemp: --
driver: pdftex
-------------------- Page layout dimensions and switches
\paperwidth  614.295pt
\paperheight 794.96999pt
\textwidth  469.75502pt
\textheight 650.43001pt
\oddsidemargin  0.0pt
\evensidemargin 0.0pt
\topmargin  -37.0pt
\headheight 12.0pt
\headsep    25.0pt
\footskip   30.0pt
\marginparwidth 44.0pt
\marginparsep   10.0pt
\columnsep  10.0pt
\skip\footins  10.8pt plus 4.0pt minus 2.0pt
\hoffset 0.0pt
\voffset 0.0pt
\mag 1000

(1in=72.27pt, 1cm=28.45pt)
-----------------------
\big@size=\dimen145
Package hyperref Info: Link coloring OFF on input line 86.
(/usr/share/texmf/tex/latex/hyperref/nameref.sty
Package: nameref 2006/12/27 v2.28 Cross-referencing by name of section

(/usr/share/texmf/tex/latex/oberdiek/refcount.sty
Package: refcount 2006/02/20 v3.0 Data extraction from references (HO)
)
\c@section@level=\count135
)
LaTeX Info: Redefining \ref on input line 86.
LaTeX Info: Redefining \pageref on input line 86.
 (./thesis-ku.out)
(./thesis-ku.out)
\@outlinefile=\write3
\openout3 = `thesis-ku.out'.

 (/usr/share/texmf/tex/latex/ragged2e/ragged2e.sty
Package: ragged2e 2003/03/25 v2.04 ragged2e Package (MS)

(/usr/share/texmf/tex/latex/everysel/everysel.sty
Package: everysel 1999/06/08 v1.03 EverySelectfont Package (MS)
LaTeX Info: Redefining \selectfont on input line 125.
)
\CenteringLeftskip=\skip50
\RaggedLeftLeftskip=\skip51
\RaggedRightLeftskip=\skip52
\CenteringRightskip=\skip53
\RaggedLeftRightskip=\skip54
\RaggedRightRightskip=\skip55
\CenteringParfillskip=\skip56
\RaggedLeftParfillskip=\skip57
\RaggedRightParfillskip=\skip58
\JustifyingParfillskip=\skip59
\CenteringParindent=\skip60
\RaggedLeftParindent=\skip61
\RaggedRightParindent=\skip62
\JustifyingParindent=\skip63
)
Package caption Info: subref 1.2 or 1.3 detected on input line 86.
LaTeX Info: Redefining \subref on input line 86.
LaTeX Font Info:    Font shape `T1/ptm/bx/n' in size <17.28> not available
(Font)              Font shape `T1/ptm/b/n' tried instead on input line 90.
LaTeX Font Info:    Try loading font information for OT1+ztmcm on input line 90
.

(/usr/share/texmf/tex/latex/psnfss/ot1ztmcm.fd
File: ot1ztmcm.fd 2000/01/03 Fontinst v1.801 font definitions for OT1/ztmcm.
)
LaTeX Font Info:    Try loading font information for OML+ztmcm on input line 90
.

(/usr/share/texmf/tex/latex/psnfss/omlztmcm.fd
File: omlztmcm.fd 2000/01/03 Fontinst v1.801 font definitions for OML/ztmcm.
)
LaTeX Font Info:    Try loading font information for OMS+ztmcm on input line 90
.

(/usr/share/texmf/tex/latex/psnfss/omsztmcm.fd
File: omsztmcm.fd 2000/01/03 Fontinst v1.801 font definitions for OMS/ztmcm.
)
LaTeX Font Info:    Try loading font information for OMX+ztmcm on input line 90
.

(/usr/share/texmf/tex/latex/psnfss/omxztmcm.fd
File: omxztmcm.fd 2000/01/03 Fontinst v1.801 font definitions for OMX/ztmcm.
)
LaTeX Font Info:    Try loading font information for OT1+ptm on input line 90.

(/usr/share/texmf/tex/latex/psnfss/ot1ptm.fd
File: ot1ptm.fd 2001/06/04 font definitions for OT1/ptm.
)
LaTeX Font Info:    Font shape `OT1/ptm/bx/n' in size <17.28> not available
(Font)              Font shape `OT1/ptm/b/n' tried instead on input line 90.
LaTeX Font Info:    Font shape `OT1/ptm/bx/n' in size <12> not available
(Font)              Font shape `OT1/ptm/b/n' tried instead on input line 90.
LaTeX Font Info:    Font shape `OT1/ptm/bx/n' in size <10> not available
(Font)              Font shape `OT1/ptm/b/n' tried instead on input line 90.
LaTeX Font Info:    Try loading font information for U+esint on input line 90.

(/usr/share/texmf/tex/latex/esint/uesint.fd
File: uesint.fd 
)
LaTeX Font Info:    Font shape `OT1/ptm/bx/n' in size <9> not available
(Font)              Font shape `OT1/ptm/b/n' tried instead on input line 90.
LaTeX Font Info:    Font shape `OT1/ptm/bx/n' in size <7> not available
(Font)              Font shape `OT1/ptm/b/n' tried instead on input line 90.
 [1



{/var/lib/texmf/fonts/map/pdftex/updmap/pdftex.map}]
Underfull \hbox (badness 10000) in paragraph at lines 90--90

 []

[2] [3

] [4

] [5]
LaTeX Font Info:    Font shape `T1/ptm/bx/n' in size <24.88> not available
(Font)              Font shape `T1/ptm/b/n' tried instead on input line 180.
 (./thesis-ku.toc
LaTeX Font Info:    Font shape `T1/ptm/bx/n' in size <12> not available
(Font)              Font shape `T1/ptm/b/n' tried instead on input line 2.
 [6

] [7])
\tf@toc=\write4
\openout4 = `thesis-ku.toc'.

 [8] (./thesis-ku.lof [9

]
Overfull \hbox (8.12865pt too wide) in paragraph at lines 26--26
 [][] [][]\T1/ptm/m/n/12 The amount of ma-te-rial in CMS as a func-tion of $\OM
L/ztmcm/m/it/12 ^^Q$ \T1/ptm/m/n/12 in num-ber of in-ter-ac-tion lengths [[]].[
] [][]  
 []

[10] [11])
\tf@lof=\write5
\openout5 = `thesis-ku.lof'.

 [12] (./thesis-ku.lot [13

])
\tf@lot=\write6
\openout6 = `thesis-ku.lot'.

 [14]
\openout2 = `IntroductionChapter/upcIntroductionChp.aux'.


(./IntroductionChapter/upcIntroductionChp.tex
Chapter 1.
[1



] [2] [3] [4]
<IntroductionChapter/figures/dEtdEta.png, id=656, 518.93875pt x 483.8075pt>
File: IntroductionChapter/figures/dEtdEta.png Graphic file (type png)

<use IntroductionChapter/figures/dEtdEta.png> [5]
<IntroductionChapter/figures/phenixDirectPhoton.png, id=667, 471.7625pt x 541.0
2126pt>
File: IntroductionChapter/figures/phenixDirectPhoton.png Graphic file (type png
)
 <use IntroductionChapter/figures/phenixDirectPhoton.png>
<IntroductionChapter/figures/aliceDirectPhoton.png, id=668, 855.195pt x 578.16p
t>
File: IntroductionChapter/figures/aliceDirectPhoton.png Graphic file (type png)

 <use IntroductionChapter/figures/aliceDirectPhoton.png> [6 <./IntroductionChap
ter/figures/dEtdEta.png>] [7 <./IntroductionChapter/figures/phenixDirectPhoton.
png> <./IntroductionChapter/figures/aliceDirectPhoton.png>]
<IntroductionChapter/figures/elipFlowSchemCMSGrey.png, id=691, 556.0775pt x 541
.02126pt>
File: IntroductionChapter/figures/elipFlowSchemCMSGrey.png Graphic file (type p
ng)
 <use IntroductionChapter/figures/elipFlowSchemCMSGrey.png>
<IntroductionChapter/figures/elipFlowSchem.png, id=692, 352.31625pt x 273.02pt>
File: IntroductionChapter/figures/elipFlowSchem.png Graphic file (type png)
<use IntroductionChapter/figures/elipFlowSchem.png> [8]
<IntroductionChapter/figures/etaOvSinit.png, id=703, 843.15pt x 322.20375pt>
File: IntroductionChapter/figures/etaOvSinit.png Graphic file (type png)

<use IntroductionChapter/figures/etaOvSinit.png>
<IntroductionChapter/figures/elipFlowCMS.png, id=704, 480.79625pt x 457.71pt>
File: IntroductionChapter/figures/elipFlowCMS.png Graphic file (type png)

<use IntroductionChapter/figures/elipFlowCMS.png>
<IntroductionChapter/figures/elipFlowCMSPPb.png, id=711, 2294.5725pt x 1204.5pt
>
File: IntroductionChapter/figures/elipFlowCMSPPb.png Graphic file (type png)
 <use IntroductionChapter/figures/elipFlowCMSPPb.png> [9 <./IntroductionChapter
/figures/elipFlowSchemCMSGrey.png> <./IntroductionChapter/figures/elipFlowSchem
.png>] [10 <./IntroductionChapter/figures/etaOvSinit.png> <./IntroductionChapte
r/figures/elipFlowCMS.png>]) [11 <./IntroductionChapter/figures/elipFlowCMSPPb.
png>]
\openout2 = `TheoryChapter/upcTheoryChp.aux'.

 (./TheoryChapter/upcTheoryChp.tex
Chapter 2.
[12



] <TheoryChapter/figures/boost.png, id=770, 291.0875pt x 155.58125pt>
File: TheoryChapter/figures/boost.png Graphic file (type png)

<use TheoryChapter/figures/boost.png> [13 <./TheoryChapter/figures/boost.png>]
[14] [15] [16] [17] [18] [19] [20] [21] [22] [23] [24] [25] [26] [27] [28]
LaTeX Font Info:    Font shape `T1/ptm/bx/n' in size <14.4> not available
(Font)              Font shape `T1/ptm/b/n' tried instead on input line 793.

<TheoryChapter/figures/neuSpecRHIC.png, id=1015, 503.8825pt x 380.42125pt>
File: TheoryChapter/figures/neuSpecRHIC.png Graphic file (type png)

<use TheoryChapter/figures/neuSpecRHIC.png>
<TheoryChapter/figures/neuRHICEMvHad.png, id=1025, 514.92375pt x 369.38pt>
File: TheoryChapter/figures/neuRHICEMvHad.png Graphic file (type png)

<use TheoryChapter/figures/neuRHICEMvHad.png> [29] [30 <./TheoryChapter/figures
/neuSpecRHIC.png>]
LaTeX Font Info:    Font shape `OT1/ptm/bx/n' in size <14.4> not available
(Font)              Font shape `OT1/ptm/b/n' tried instead on input line 857.
LaTeX Font Info:    Font shape `OT1/ptm/bx/n' in size <10.95> not available
(Font)              Font shape `OT1/ptm/b/n' tried instead on input line 857.
LaTeX Font Info:    Font shape `OT1/ptm/bx/n' in size <8> not available
(Font)              Font shape `OT1/ptm/b/n' tried instead on input line 857.


Package hyperref Warning: Token not allowed in a PDFDocEncoded string,
(hyperref)                removing `math shift' on input line 857.


Package hyperref Warning: Token not allowed in a PDFDocEncoded string,
(hyperref)                removing `\psi' on input line 857.


Package hyperref Warning: Token not allowed in a PDFDocEncoded string,
(hyperref)                removing `math shift' on input line 857.

<TheoryChapter/figures/aliceJpsiCo.png, id=1053, 633.36626pt x 426.59375pt>
File: TheoryChapter/figures/aliceJpsiCo.png Graphic file (type png)

<use TheoryChapter/figures/aliceJpsiCo.png> [31 <./TheoryChapter/figures/neuRHI
CEMvHad.png>] [32 <./TheoryChapter/figures/aliceJpsiCo.png>]
<TheoryChapter/figures/ltaAndPqcdNucSub.png, id=1084, 516.93124pt x 583.17876pt
>
File: TheoryChapter/figures/ltaAndPqcdNucSub.png Graphic file (type png)
 <use TheoryChapter/figures/ltaAndPqcdNucSub.png>
<TheoryChapter/figures/ltaAndPqcdNucSubVMD.png, id=1087, 570.13pt x 343.2825pt>
File: TheoryChapter/figures/ltaAndPqcdNucSubVMD.png Graphic file (type png)
<use TheoryChapter/figures/ltaAndPqcdNucSubVMD.png>

LaTeX Warning: `h' float specifier changed to `ht'.

[33]) [34 <./TheoryChapter/figures/ltaAndPqcdNucSub.png>] [35 <./TheoryChapter/
figures/ltaAndPqcdNucSubVMD.png>]
\openout2 = `DetectorChapter/upcDetectorChp.aux'.

 (./DetectorChapter/upcDetectorChp.tex
Chapter 3.
<DetectorChapter/figures/cms.png, id=1112, 550.055pt x 419.5675pt>
File: DetectorChapter/figures/cms.png Graphic file (type png)

<use DetectorChapter/figures/cms.png>

LaTeX Warning: `h' float specifier changed to `ht'.

[36



]
<DetectorChapter/figures/trackerLayout.pdf, id=1128, 826.08624pt x 387.4475pt>
File: DetectorChapter/figures/trackerLayout.pdf Graphic file (type pdf)

<use DetectorChapter/figures/trackerLayout.pdf>
<DetectorChapter/figures/matBudge.pdf, id=1130, 1604.99625pt x 812.03375pt>
File: DetectorChapter/figures/matBudge.pdf Graphic file (type pdf)

<use DetectorChapter/figures/matBudge.pdf> [37 <./DetectorChapter/figures/cms.p
ng>] <DetectorChapter/figures/ECALeRes.png, id=1141, 538.01pt x 527.9725pt>
File: DetectorChapter/figures/ECALeRes.png Graphic file (type png)

<use DetectorChapter/figures/ECALeRes.png>
Overfull \hbox (10.09619pt too wide) in paragraph at lines 93--120
\T1/ptm/m/n/12 The next de-tec-tor be-yond the tracker is the elec-tro-mag-neti
c calorime-ter sys-tem, ECAL. The calorime-
 []

[38 <./DetectorChapter/figures/trackerLayout.pdf> <./DetectorChapter/figures/ma
tBudge.pdf>]
<DetectorChapter/figures/HCALeRes.png, id=1159, 525.965pt x 377.41pt>
File: DetectorChapter/figures/HCALeRes.png Graphic file (type png)

<use DetectorChapter/figures/HCALeRes.png> [39 <./DetectorChapter/figures/ECALe
Res.png>] [40 <./DetectorChapter/figures/HCALeRes.png>] [41] [42]
<DetectorChapter/figures/muonSys.pdf, id=1193, 708.6475pt x 527.9725pt>
File: DetectorChapter/figures/muonSys.pdf Graphic file (type pdf)

<use DetectorChapter/figures/muonSys.pdf>
<DetectorChapter/figures/dtStruct.pdf, id=1196, 273.02pt x 150.5625pt>
File: DetectorChapter/figures/dtStruct.pdf Graphic file (type pdf)

<use DetectorChapter/figures/dtStruct.pdf>
<DetectorChapter/figures/dtCell.pdf, id=1197, 273.02pt x 110.4125pt>
File: DetectorChapter/figures/dtCell.pdf Graphic file (type pdf)

<use DetectorChapter/figures/dtCell.pdf> [43 <./DetectorChapter/figures/muonSys
.pdf>] <DetectorChapter/figures/rpcCell.pdf, id=1207, 273.02pt x 116.435pt>
File: DetectorChapter/figures/rpcCell.pdf Graphic file (type pdf)

<use DetectorChapter/figures/rpcCell.pdf> [44 <./DetectorChapter/figures/dtStru
ct.pdf> <./DetectorChapter/figures/dtCell.pdf>]
<DetectorChapter/figures/cscStruct.pdf, id=1220, 273.02pt x 475.7775pt>
File: DetectorChapter/figures/cscStruct.pdf Graphic file (type pdf)

<use DetectorChapter/figures/cscStruct.pdf>
<DetectorChapter/figures/cscCell.pdf, id=1221, 273.02pt x 231.86626pt>
File: DetectorChapter/figures/cscCell.pdf Graphic file (type pdf)

<use DetectorChapter/figures/cscCell.pdf>
Overfull \hbox (19.99998pt too wide) in paragraph at lines 327--331
 []$[]$ 
 []

<DetectorChapter/figures/muonRes.pdf, id=1224, 818.05624pt x 466.74374pt>
File: DetectorChapter/figures/muonRes.pdf Graphic file (type pdf)

<use DetectorChapter/figures/muonRes.pdf> [45 <./DetectorChapter/figures/rpcCel
l.pdf>]
<DetectorChapter/figures/materialThickness.pdf, id=1236, 273.02pt x 187.70125pt
>
File: DetectorChapter/figures/materialThickness.pdf Graphic file (type pdf)
 <use DetectorChapter/figures/materialThickness.pdf> [46 <./DetectorChapter/fig
ures/cscStruct.pdf> <./DetectorChapter/figures/cscCell.pdf>] [47 <./DetectorCha
pter/figures/muonRes.pdf> <./DetectorChapter/figures/materialThickness.pdf>])
[48] [49]
\openout2 = `ZDCRecoChapter/upcZDCRecoChp.aux'.

 (./ZDCRecoChapter/upcZDCRecoChp.tex
Chapter 4.

<AnalysisChapter/figures/zdcPulseShape.png, id=1279, 1419.3025pt x 458.71375pt>
File: AnalysisChapter/figures/zdcPulseShape.png Graphic file (type png)
<use AnalysisChapter/figures/zdcPulseShape.png> [50



]
<AnalysisChapter/figures/negTs5overTs4vts5.png, id=1285, 698.61pt x 473.77pt>
File: AnalysisChapter/figures/negTs5overTs4vts5.png Graphic file (type png)

<use AnalysisChapter/figures/negTs5overTs4vts5.png>
<AnalysisChapter/figures/posTs5overTs4vts5.png, id=1286, 698.61pt x 473.77pt>
File: AnalysisChapter/figures/posTs5overTs4vts5.png Graphic file (type png)

<use AnalysisChapter/figures/posTs5overTs4vts5.png> [51 <./AnalysisChapter/figu
res/zdcPulseShape.png>]
<ZDCRecoChapter/figures/zdcFit45Neg.pdf, id=1295, 569.12625pt x 526.96875pt>
File: ZDCRecoChapter/figures/zdcFit45Neg.pdf Graphic file (type pdf)

<use ZDCRecoChapter/figures/zdcFit45Neg.pdf>
<ZDCRecoChapter/figures/zdcFit45Pos.pdf, id=1296, 569.12625pt x 546.04pt>
File: ZDCRecoChapter/figures/zdcFit45Pos.pdf Graphic file (type pdf)

<use ZDCRecoChapter/figures/zdcFit45Pos.pdf> [52 <./AnalysisChapter/figures/neg
Ts5overTs4vts5.png> <./AnalysisChapter/figures/posTs5overTs4vts5.png>]
<AnalysisChapter/figures/zdcNegEMNoiseFromZBNoCor.png, id=1305, 698.61pt x 473.
77pt>
File: AnalysisChapter/figures/zdcNegEMNoiseFromZBNoCor.png Graphic file (type p
ng)
 <use AnalysisChapter/figures/zdcNegEMNoiseFromZBNoCor.png>
<AnalysisChapter/figures/zdcPosEMNoiseFromZBNoCor.png, id=1306, 698.61pt x 473.
77pt>
File: AnalysisChapter/figures/zdcPosEMNoiseFromZBNoCor.png Graphic file (type p
ng)
 <use AnalysisChapter/figures/zdcPosEMNoiseFromZBNoCor.png>
<AnalysisChapter/figures/zdcNegHDNoiseFromZB.png, id=1307, 698.61pt x 473.77pt>
File: AnalysisChapter/figures/zdcNegHDNoiseFromZB.png Graphic file (type png)
<use AnalysisChapter/figures/zdcNegHDNoiseFromZB.png>
<AnalysisChapter/figures/zdcPosHDNoiseFromZB.png, id=1308, 698.61pt x 473.77pt>
File: AnalysisChapter/figures/zdcPosHDNoiseFromZB.png Graphic file (type png)
<use AnalysisChapter/figures/zdcPosHDNoiseFromZB.png> [53 <./ZDCRecoChapter/fig
ures/zdcFit45Neg.pdf, page is rotated 90 degrees> <./ZDCRecoChapter/figures/zdc
Fit45Pos.pdf, page is rotated 90 degrees>] [54 <./AnalysisChapter/figures/zdcNe
gEMNoiseFromZBNoCor.png (PNG copy)> <./AnalysisChapter/figures/zdcPosEMNoiseFro
mZBNoCor.png (PNG copy)> <./AnalysisChapter/figures/zdcNegHDNoiseFromZB.png (PN
G copy)> <./AnalysisChapter/figures/zdcPosHDNoiseFromZB.png (PNG copy)>]
<AnalysisChapter/figures/zdcMinusZBFitTimeCut.png, id=1409, 698.61pt x 473.77pt
>
File: AnalysisChapter/figures/zdcMinusZBFitTimeCut.png Graphic file (type png)
 <use AnalysisChapter/figures/zdcMinusZBFitTimeCut.png>
<AnalysisChapter/figures/zdcPlusZBFitTimeCut.png, id=1410, 698.61pt x 473.77pt>
File: AnalysisChapter/figures/zdcPlusZBFitTimeCut.png Graphic file (type png)
<use AnalysisChapter/figures/zdcPlusZBFitTimeCut.png>
<AnalysisChapter/figures/zdcSpec2v1Minus.pdf, id=1412, 569.12625pt x 546.04pt>
File: AnalysisChapter/figures/zdcSpec2v1Minus.pdf Graphic file (type pdf)

<use AnalysisChapter/figures/zdcSpec2v1Minus.pdf>
<AnalysisChapter/figures/zdcSpec2v1Plus.pdf, id=1413, 569.12625pt x 546.04pt>
File: AnalysisChapter/figures/zdcSpec2v1Plus.pdf Graphic file (type pdf)

<use AnalysisChapter/figures/zdcSpec2v1Plus.pdf> [55] [56 <./AnalysisChapter/fi
gures/zdcMinusZBFitTimeCut.png (PNG copy)> <./AnalysisChapter/figures/zdcPlusZB
FitTimeCut.png (PNG copy)> <./AnalysisChapter/figures/zdcSpec2v1Minus.pdf, page
 is rotated 90 degrees> <./AnalysisChapter/figures/zdcSpec2v1Plus.pdf, page is 
rotated 90 degrees>]
<AnalysisChapter/figures/zdcMinusSingleNuNoInc.png, id=1513, 698.61pt x 473.77p
t>
File: AnalysisChapter/figures/zdcMinusSingleNuNoInc.png Graphic file (type png)

 <use AnalysisChapter/figures/zdcMinusSingleNuNoInc.png>
<AnalysisChapter/figures/zdcMinusSingleNuNoSub.png, id=1515, 698.61pt x 473.77p
t>
File: AnalysisChapter/figures/zdcMinusSingleNuNoSub.png Graphic file (type png)

 <use AnalysisChapter/figures/zdcMinusSingleNuNoSub.png>

LaTeX Warning: `h' float specifier changed to `ht'.

) [57 <./AnalysisChapter/figures/zdcMinusSingleNuNoInc.png (PNG copy)>]
[58 <./AnalysisChapter/figures/zdcMinusSingleNuNoSub.png (PNG copy)>]
\openout2 = `TriggerChapter/upcTriggerChp.aux'.


(./TriggerChapter/upcTriggerChp.tex
Chapter 5.
[59



]
Overfull \hbox (38.91328pt too wide) in paragraph at lines 91--102
 [][] 
 []

[60] [61]

Package hyperref Warning: Token not allowed in a PDFDocEncoded string,
(hyperref)                removing `math shift' on input line 129.


Package hyperref Warning: Token not allowed in a PDFDocEncoded string,
(hyperref)                removing `\gamma' on input line 129.


Package hyperref Warning: Token not allowed in a PDFDocEncoded string,
(hyperref)                removing `\gamma' on input line 129.


Package hyperref Warning: Token not allowed in a PDFDocEncoded string,
(hyperref)                removing `\rightarrow' on input line 129.


Package hyperref Warning: Token not allowed in a PDFDocEncoded string,
(hyperref)                removing `superscript' on input line 129.


Package hyperref Warning: Token not allowed in a PDFDocEncoded string,
(hyperref)                removing `superscript' on input line 129.


Package hyperref Warning: Token not allowed in a PDFDocEncoded string,
(hyperref)                removing `math shift' on input line 129.


<TriggerChapter/figures/2012-Sep-24-excess7090.pdf, id=1549, 569.12625pt x 555.
07375pt>
File: TriggerChapter/figures/2012-Sep-24-excess7090.pdf Graphic file (type pdf)

 <use TriggerChapter/figures/2012-Sep-24-excess7090.pdf> [62]

Package hyperref Warning: Token not allowed in a PDFDocEncoded string,
(hyperref)                removing `math shift' on input line 185.


Package hyperref Warning: Token not allowed in a PDFDocEncoded string,
(hyperref)                removing `\psi' on input line 185.


Package hyperref Warning: Token not allowed in a PDFDocEncoded string,
(hyperref)                removing `math shift' on input line 185.

[63 <./TriggerChapter/figures/2012-Sep-24-excess7090.pdf>]
LaTeX Font Info:    Try loading font information for OMS+ptm on input line 230.


(/usr/share/texmf/tex/latex/psnfss/omsptm.fd
File: omsptm.fd 
)
LaTeX Font Info:    Font shape `OMS/ptm/m/n' in size <12> not available
(Font)              Font shape `OMS/cmsy/m/n' tried instead on input line 230.
 [64]

Package hyperref Warning: Token not allowed in a PDFDocEncoded string,
(hyperref)                removing `math shift' on input line 244.


Package hyperref Warning: Token not allowed in a PDFDocEncoded string,
(hyperref)                removing `\psi' on input line 244.


Package hyperref Warning: Token not allowed in a PDFDocEncoded string,
(hyperref)                removing `math shift' on input line 244.

) [65]
\openout2 = `AnalysisChapter/upcAnalysisChp.aux'.

 (./AnalysisChapter/upcAnalysisChp.tex
Chapter 6.
[66



] [67]
<AnalysisChapter/figures/genRapDis.pdf, id=1621, 569.12625pt x 546.04pt>
File: AnalysisChapter/figures/genRapDis.pdf Graphic file (type pdf)

<use AnalysisChapter/figures/genRapDis.pdf>
<AnalysisChapter/figures/genPtDis.pdf, id=1622, 569.12625pt x 546.04pt>
File: AnalysisChapter/figures/genPtDis.pdf Graphic file (type pdf)

<use AnalysisChapter/figures/genPtDis.pdf> [68]
<AnalysisChapter/figures/polCosThetaHXGen.png, id=1629, 698.61pt x 473.77pt>
File: AnalysisChapter/figures/polCosThetaHXGen.png Graphic file (type png)

<use AnalysisChapter/figures/polCosThetaHXGen.png>
<AnalysisChapter/figures/jpsiMcComp/jpsiAbsRapCoherent.pdf, id=1630, 569.12625p
t x 546.04pt>
File: AnalysisChapter/figures/jpsiMcComp/jpsiAbsRapCoherent.pdf Graphic file (t
ype pdf)
 <use AnalysisChapter/figures/jpsiMcComp/jpsiAbsRapCoherent.pdf>
<AnalysisChapter/figures/jpsiMcComp/jpsiPhiCoherent.pdf, id=1631, 569.12625pt x
 546.04pt>
File: AnalysisChapter/figures/jpsiMcComp/jpsiPhiCoherent.pdf Graphic file (type
 pdf)
 <use AnalysisChapter/figures/jpsiMcComp/jpsiPhiCoherent.pdf>
<AnalysisChapter/figures/jpsiMcComp/jpsiPtCoherent.pdf, id=1632, 569.12625pt x 
546.04pt>
File: AnalysisChapter/figures/jpsiMcComp/jpsiPtCoherent.pdf Graphic file (type 
pdf)
 <use AnalysisChapter/figures/jpsiMcComp/jpsiPtCoherent.pdf> [69 <./AnalysisCha
pter/figures/genRapDis.pdf, page is rotated 90 degrees> <./AnalysisChapter/figu
res/genPtDis.pdf, page is rotated 90 degrees>] [70 <./AnalysisChapter/figures/p
olCosThetaHXGen.png (PNG copy)> <./AnalysisChapter/figures/jpsiMcComp/jpsiAbsRa
pCoherent.pdf, page is rotated 90 degrees>] [71 <./AnalysisChapter/figures/jpsi
McComp/jpsiPhiCoherent.pdf, page is rotated 90 degrees> <./AnalysisChapter/figu
res/jpsiMcComp/jpsiPtCoherent.pdf, page is rotated 90 degrees>]
Overfull \hbox (31.44162pt too wide) in paragraph at lines 221--239
[]\T1/ptm/m/n/12 The physics sam-ple con-tain-ing the J/$\OML/ztmcm/m/it/12  $ 
\T1/ptm/m/n/12 sig-nal was recorded by the muon trig-ger la-beled ``L1UPCMuon
 []

[72]
<AnalysisChapter/figures/3dRecHitWhite.pdf, id=1884, 438.63875pt x 369.38pt>
File: AnalysisChapter/figures/3dRecHitWhite.pdf Graphic file (type pdf)

<use AnalysisChapter/figures/3dRecHitWhite.pdf>
<AnalysisChapter/figures/phiRhoWhite.pdf, id=1885, 740.7675pt x 700.6175pt>
File: AnalysisChapter/figures/phiRhoWhite.pdf Graphic file (type pdf)

<use AnalysisChapter/figures/phiRhoWhite.pdf> [73] [74 <./AnalysisChapter/figur
es/3dRecHitWhite.pdf> <./AnalysisChapter/figures/phiRhoWhite.pdf>]
<AnalysisChapter/figures/hfNoiseComp.pdf, id=1911, 569.12625pt x 385.44pt>
File: AnalysisChapter/figures/hfNoiseComp.pdf Graphic file (type pdf)

<use AnalysisChapter/figures/hfNoiseComp.pdf> [75] [76 <./AnalysisChapter/figur
es/hfNoiseComp.pdf, page is rotated 90 degrees>]
<AnalysisChapter/figures/massFitSimple.pdf, id=1967, 569.12625pt x 546.04pt>
File: AnalysisChapter/figures/massFitSimple.pdf Graphic file (type pdf)

<use AnalysisChapter/figures/massFitSimple.pdf> [77 <./AnalysisChapter/figures/
massFitSimple.pdf, page is rotated 90 degrees>]
<AnalysisChapter/figures/gaussCC.png, id=2021, 568.7649pt x 545.6385pt>
File: AnalysisChapter/figures/gaussCC.png Graphic file (type png)

<use AnalysisChapter/figures/gaussCC.png> [78 <./AnalysisChapter/figures/gaussC
C.png (PNG copy)>]
<AnalysisChapter/figures/nCoNGammaCorPtOnly.pdf, id=2028, 569.12625pt x 546.04p
t>
File: AnalysisChapter/figures/nCoNGammaCorPtOnly.pdf Graphic file (type pdf)
 <use AnalysisChapter/figures/nCoNGammaCorPtOnly.pdf>
<AnalysisChapter/figures/ptMassSimGaussLine.pdf, id=2030, 569.12625pt x 272.016
25pt>
File: AnalysisChapter/figures/ptMassSimGaussLine.pdf Graphic file (type pdf)
 <use AnalysisChapter/figures/ptMassSimGaussLine.pdf> [79 <./AnalysisChapter/fi
gures/nCoNGammaCorPtOnly.pdf, page is rotated 90 degrees>]
<AnalysisChapter/figures/nCoNGammaCorPtMass.pdf, id=2084, 569.12625pt x 546.04p
t>
File: AnalysisChapter/figures/nCoNGammaCorPtMass.pdf Graphic file (type pdf)
 <use AnalysisChapter/figures/nCoNGammaCorPtMass.pdf> [80 <./AnalysisChapter/fi
gures/ptMassSimGaussLine.pdf, page is rotated 90 degrees> <./AnalysisChapter/fi
gures/nCoNGammaCorPtMass.pdf, page is rotated 90 degrees>]
<AnalysisChapter/figures/mcEffMaps/accMuJpCo.pdf, id=2179, 569.12625pt x 546.04
pt>
File: AnalysisChapter/figures/mcEffMaps/accMuJpCo.pdf Graphic file (type pdf)
 <use AnalysisChapter/figures/mcEffMaps/accMuJpCo.pdf> [81]
<AnalysisChapter/figures/accXeffFromMC1d.pdf, id=2188, 569.12625pt x 546.04pt>
File: AnalysisChapter/figures/accXeffFromMC1d.pdf Graphic file (type pdf)

<use AnalysisChapter/figures/accXeffFromMC1d.pdf> [82 <./AnalysisChapter/figure
s/mcEffMaps/accMuJpCo.pdf, page is rotated 90 degrees>]
<AnalysisChapter/figures/tNp/tnpFits.pdf, id=2240, 569.12625pt x 385.44pt>
File: AnalysisChapter/figures/tNp/tnpFits.pdf Graphic file (type pdf)

<use AnalysisChapter/figures/tNp/tnpFits.pdf>
<AnalysisChapter/figures/tNp/tnpFromFit.pdf, id=2242, 569.12625pt x 546.04pt>
File: AnalysisChapter/figures/tNp/tnpFromFit.pdf Graphic file (type pdf)

<use AnalysisChapter/figures/tNp/tnpFromFit.pdf>

LaTeX Warning: `!h' float specifier changed to `!ht'.

[83 <./AnalysisChapter/figures/accXeffFromMC1d.pdf, page is rotated 90 degrees>
]
<AnalysisChapter/figures/muTrigEffFromTnP1d.pdf, id=2295, 569.12625pt x 546.04p
t>
File: AnalysisChapter/figures/muTrigEffFromTnP1d.pdf Graphic file (type pdf)
 <use AnalysisChapter/figures/muTrigEffFromTnP1d.pdf>
<AnalysisChapter/figures/accXeffTrigg.pdf, id=2296, 569.12625pt x 546.04pt>
File: AnalysisChapter/figures/accXeffTrigg.pdf Graphic file (type pdf)

<use AnalysisChapter/figures/accXeffTrigg.pdf> [84 <./AnalysisChapter/figures/t
Np/tnpFits.pdf, page is rotated 90 degrees>]

LaTeX Warning: Text page 85 contains only floats.

[85 <./AnalysisChapter/figures/tNp/tnpFromFit.pdf, page is rotated 90 degrees> 
<./AnalysisChapter/figures/muTrigEffFromTnP1d.pdf, page is rotated 90 degrees>]
[86 <./AnalysisChapter/figures/accXeffTrigg.pdf, page is rotated 90 degrees>])
[87]
\openout2 = `SystematicsChapter/upcSystematicsChp.aux'.

 (./SystematicsChapter/upcSystematicsChp.tex
Chapter 7.
[88



]
<AnalysisChapter/figures/cbPolyBkgEst.pdf, id=2499, 569.12625pt x 546.04pt>
File: AnalysisChapter/figures/cbPolyBkgEst.pdf Graphic file (type pdf)

<use AnalysisChapter/figures/cbPolyBkgEst.pdf>
<AnalysisChapter/figures/cbPoly.pdf, id=2500, 569.12625pt x 546.04pt>
File: AnalysisChapter/figures/cbPoly.pdf Graphic file (type pdf)

<use AnalysisChapter/figures/cbPoly.pdf>
<AnalysisChapter/figures/gausLinBkgEst.pdf, id=2501, 569.12625pt x 546.04pt>
File: AnalysisChapter/figures/gausLinBkgEst.pdf Graphic file (type pdf)

<use AnalysisChapter/figures/gausLinBkgEst.pdf>
<AnalysisChapter/figures/gausLin.pdf, id=2502, 569.12625pt x 546.04pt>
File: AnalysisChapter/figures/gausLin.pdf Graphic file (type pdf)

<use AnalysisChapter/figures/gausLin.pdf>
<AnalysisChapter/figures/gausCCBkgEst.pdf, id=2503, 569.12625pt x 546.04pt>
File: AnalysisChapter/figures/gausCCBkgEst.pdf Graphic file (type pdf)

<use AnalysisChapter/figures/gausCCBkgEst.pdf>
<AnalysisChapter/figures/gausCC.pdf, id=2504, 569.12625pt x 546.04pt>
File: AnalysisChapter/figures/gausCC.pdf Graphic file (type pdf)

<use AnalysisChapter/figures/gausCC.pdf> [89] [90 <./AnalysisChapter/figures/cb
PolyBkgEst.pdf, page is rotated 90 degrees> <./AnalysisChapter/figures/cbPoly.p
df, page is rotated 90 degrees> <./AnalysisChapter/figures/gausLinBkgEst.pdf, p
age is rotated 90 degrees> <./AnalysisChapter/figures/gausLin.pdf, page is rota
ted 90 degrees> <./AnalysisChapter/figures/gausCCBkgEst.pdf, page is rotated 90
 degrees> <./AnalysisChapter/figures/gausCC.pdf, page is rotated 90 degrees>]
[91] [92] [93]
<AnalysisChapter/figures/ptMassSimTemp.pdf, id=2804, 569.12625pt x 272.01625pt>
File: AnalysisChapter/figures/ptMassSimTemp.pdf Graphic file (type pdf)
<use AnalysisChapter/figures/ptMassSimTemp.pdf> [94 <./AnalysisChapter/figures/
ptMassSimTemp.pdf, page is rotated 90 degrees>]
<AnalysisChapter/figures/tNp/tnpFromCounting.pdf, id=2854, 569.12625pt x 546.04
pt>
File: AnalysisChapter/figures/tNp/tnpFromCounting.pdf Graphic file (type pdf)
 <use AnalysisChapter/figures/tNp/tnpFromCounting.pdf>
File: AnalysisChapter/figures/tNp/tnpFromFit.pdf Graphic file (type pdf)

<use AnalysisChapter/figures/tNp/tnpFromFit.pdf> [95]) [96 <./AnalysisChapter/f
igures/tNp/tnpFromCounting.pdf, page is rotated 90 degrees>] [97]
\openout2 = `ResultsChapter/upcResultsChp.aux'.


(./ResultsChapter/upcResultsChp.tex
Chapter 8.

Package hyperref Warning: Token not allowed in a PDFDocEncoded string,
(hyperref)                removing `math shift' on input line 12.


Package hyperref Warning: Token not allowed in a PDFDocEncoded string,
(hyperref)                removing `\psi' on input line 12.


Package hyperref Warning: Token not allowed in a PDFDocEncoded string,
(hyperref)                removing `math shift' on input line 12.

[98



]
<ResultsChapter/figures/patkenny_thesis.pdf, id=2927, 569.12625pt x 386.44376pt
>
File: ResultsChapter/figures/patkenny_thesis.pdf Graphic file (type pdf)
 <use ResultsChapter/figures/patkenny_thesis.pdf>

Package hyperref Warning: Token not allowed in a PDFDocEncoded string,
(hyperref)                removing `math shift' on input line 80.


Package hyperref Warning: Token not allowed in a PDFDocEncoded string,
(hyperref)                removing `\psi' on input line 80.


Package hyperref Warning: Token not allowed in a PDFDocEncoded string,
(hyperref)                removing `math shift' on input line 80.

[99]
<ResultsChapter/figures/ZDCDimuCorrCoh.png, id=2937, 598.235pt x 574.145pt>
File: ResultsChapter/figures/ZDCDimuCorrCoh.png Graphic file (type png)

<use ResultsChapter/figures/ZDCDimuCorrCoh.png>
<ResultsChapter/figures/ZDCDimuCorrIncoh.png, id=2938, 598.235pt x 574.145pt>
File: ResultsChapter/figures/ZDCDimuCorrIncoh.png Graphic file (type png)

<use ResultsChapter/figures/ZDCDimuCorrIncoh.png>
<ResultsChapter/figures/RoppsameVsTheory.png, id=2942, 598.235pt x 574.145pt>
File: ResultsChapter/figures/RoppsameVsTheory.png Graphic file (type png)

<use ResultsChapter/figures/RoppsameVsTheory.png> [100 <./ResultsChapter/figure
s/patkenny_thesis.pdf, page is rotated 90 degrees>] [101 <./ResultsChapter/figu
res/ZDCDimuCorrCoh.png (PNG copy)> <./ResultsChapter/figures/ZDCDimuCorrIncoh.p
ng (PNG copy)>] [102 <./ResultsChapter/figures/RoppsameVsTheory.png (PNG copy)>
] [103] [104]) [105] (./thesis-ku.bbl
LaTeX Font Info:    Try loading font information for T1+lmtt on input line 39.
 (/usr/share/texmf/tex/latex/lm/t1lmtt.fd
File: t1lmtt.fd 2007/01/14 v1.3 Font defs for Latin Modern
) [106


] [107] [108] [109] [110] [111] [112] [113] [114] [115]) [116]
(./thesis-ku.aux (./IntroductionChapter/upcIntroductionChp.aux)
(./TheoryChapter/upcTheoryChp.aux) (./DetectorChapter/upcDetectorChp.aux)
(./ZDCRecoChapter/upcZDCRecoChp.aux) (./TriggerChapter/upcTriggerChp.aux)
(./AnalysisChapter/upcAnalysisChp.aux)
(./SystematicsChapter/upcSystematicsChp.aux)
(./ResultsChapter/upcResultsChp.aux)) ) 
Here is how much of TeX's memory you used:
 8215 strings out of 256216
 122209 string characters out of 1917073
 189050 words of memory out of 1500000
 10658 multiletter control sequences out of 10000+200000
 72138 words of font info for 135 fonts, out of 1200000 for 2000
 645 hyphenation exceptions out of 8191
 43i,13n,48p,492b,468s stack positions out of 5000i,500n,6000p,200000b,15000s
{/usr/share/texmf/fonts/enc/dvips/lm/lm-
ec.enc} </home/mojoe137/.texlive2007/texmf-var/fonts/pk/ljfour/public/esint/esi
nt10.720pk>{/usr/share/texmf/fonts/enc/dvips/base/8r.enc}</usr/share/texmf/font
s/type1/bluesky/cm/cmex10.pfb></usr/share/texmf/fonts/type1/bluesky/cm/cmmi10.p
fb></usr/share/texmf/fonts/type1/bluesky/cm/cmr10.pfb></usr/share/texmf/fonts/t
ype1/bluesky/cm/cmsy10.pfb></usr/share/texmf/fonts/type1/public/lm/lmtt12.pfb><
/usr/share/texmf/fonts/type1/hoekwater/rsfs/rsfs10.pfb></usr/share/texmf/fonts/
type1/urw/symbol/usyr.pfb></usr/share/texmf/fonts/type1/urw/symbol/usyr.pfb></u
sr/share/texmf/fonts/type1/urw/times/utmb8a.pfb></usr/share/texmf/fonts/type1/u
rw/times/utmr8a.pfb></usr/share/texmf/fonts/type1/urw/times/utmri8a.pfb>
Output written on thesis-ku.pdf (130 pages, 4139534 bytes).
PDF statistics:
 3383 PDF objects out of 3580 (max. 8388607)
 412 named destinations out of 1000 (max. 131072)
 880 words of extra memory for PDF output out of 10000 (max. 10000000)

