\BOOKMARK [0][-]{chapter.1}{Introduction}{}% 1
\BOOKMARK [1][-]{section.1.1}{Theoretical Context}{chapter.1}% 2
\BOOKMARK [1][-]{section.1.2}{History }{chapter.1}% 3
\BOOKMARK [0][-]{chapter.2}{Theory}{}% 4
\BOOKMARK [1][-]{section.2.1}{Introduction}{chapter.2}% 5
\BOOKMARK [1][-]{section.2.2}{QCD/QGP}{chapter.2}% 6
\BOOKMARK [1][-]{section.2.3}{CGC/intial state}{chapter.2}% 7
\BOOKMARK [1][-]{section.2.4}{Weizs\344cker-Williams Approximation}{chapter.2}% 8
\BOOKMARK [1][-]{section.2.5}{Vector Meson Dominance}{chapter.2}% 9
\BOOKMARK [1][-]{section.2.6}{Leading Twist Approach Derivation}{chapter.2}% 10
\BOOKMARK [1][-]{section.2.7}{Perturbative Quantum Chromo-dynamics}{chapter.2}% 11
\BOOKMARK [1][-]{section.2.8}{Incoherent Photoproduction}{chapter.2}% 12
\BOOKMARK [1][-]{section.2.9}{Photon Induced Nuclear Break-up}{chapter.2}% 13
\BOOKMARK [1][-]{section.2.10}{Theoretical Results}{chapter.2}% 14
\BOOKMARK [0][-]{chapter.3}{The CMS Detector}{}% 15
\BOOKMARK [1][-]{section.3.1}{CMS general}{chapter.3}% 16
\BOOKMARK [1][-]{section.3.2}{Muons}{chapter.3}% 17
\BOOKMARK [1][-]{section.3.3}{HCal}{chapter.3}% 18
\BOOKMARK [1][-]{section.3.4}{ZDC}{chapter.3}% 19
\BOOKMARK [1][-]{section.3.5}{Trigger}{chapter.3}% 20
\BOOKMARK [0][-]{chapter.4}{Analysis}{}% 21
\BOOKMARK [1][-]{section.4.1}{MC Simulation}{chapter.4}% 22
\BOOKMARK [1][-]{section.4.2}{ Trigger Development}{chapter.4}% 23
\BOOKMARK [2][-]{subsection.4.2.1}{L1 Trigger}{section.4.2}% 24
\BOOKMARK [2][-]{subsection.4.2.2}{HLT Trigger}{section.4.2}% 25
\BOOKMARK [1][-]{section.4.3}{ Data Sets and Event Selection}{chapter.4}% 26
\BOOKMARK [2][-]{subsection.4.3.1}{Data Set}{section.4.3}% 27
\BOOKMARK [2][-]{subsection.4.3.2}{Event Selection}{section.4.3}% 28
\BOOKMARK [1][-]{section.4.4}{break up determination}{chapter.4}% 29
\BOOKMARK [1][-]{section.4.5}{Signal Extraction}{chapter.4}% 30
\BOOKMARK [1][-]{section.4.6}{Efficiency determination}{chapter.4}% 31
\BOOKMARK [0][-]{chapter.5}{Results}{}% 32
\BOOKMARK [1][-]{section.5.1}{Coherent cross section}{chapter.5}% 33
\BOOKMARK [1][-]{section.5.2}{Incoherent cross section}{chapter.5}% 34
\BOOKMARK [1][-]{section.5.3}{Break up ratios}{chapter.5}% 35
\BOOKMARK [1][-]{section.5.4}{diMuon-neutron correlations}{chapter.5}% 36
\BOOKMARK [0][-]{chapter.6}{Conclusion}{}% 37
\BOOKMARK [1][-]{section.6.1}{xsection results }{chapter.6}% 38
\BOOKMARK [1][-]{section.6.2}{correlation results}{chapter.6}% 39
\BOOKMARK [0][-]{chapter.7}{Future Works}{}% 40
\BOOKMARK [1][-]{section.7.1}{high mass gamma-gamma PbPb 2011}{chapter.7}% 41
\BOOKMARK [1][-]{section.7.2}{UPC hadronic overlap PbPb 2011}{chapter.7}% 42
\BOOKMARK [1][-]{section.7.3}{pPb J/Psi}{chapter.7}% 43
\BOOKMARK [1][-]{section.7.4}{UPC J/Psi 2015}{chapter.7}% 44
\BOOKMARK [1][-]{section.7.5}{UPC Upsilon 2015}{chapter.7}% 45
\BOOKMARK [0][-]{appendix.A}{My Appendix, Next to my Spleen}{}% 46
